# JRE version: OpenJDK Runtime Environment (11.0.10) (build 11.0.10+0-b96-7249189)
# Java VM: OpenJDK 64-Bit Server VM (11.0.10+0-b96-7249189, mixed mode, tiered, compressed oops, g1 gc, windows-amd64)
Heap:
 garbage-first heap   total 963584K, used 163874K [0x0000000080000000, 0x0000000100000000)
  region size 1024K, 5 young (5120K), 5 survivors (5120K)
 Metaspace       used 146380K, capacity 150001K, committed 151756K, reserved 1181696K
  class space    used 18065K, capacity 19449K, committed 19968K, reserved 1048576K
GC Heap History (20 events):
Event: 7854.463 GC heap after
{Heap after GC invocations=96 (full 0):
 garbage-first heap   total 241664K, used 186988K [0x0000000080000000, 0x0000000100000000)
  region size 1024K, 2 young (2048K), 2 survivors (2048K)
 Metaspace       used 147209K, capacity 151515K, committed 151756K, reserved 1181696K
  class space    used 18297K, capacity 19911K, committed 19968K, reserved 1048576K
}
Event: 7854.516 GC heap before
{Heap before GC invocations=96 (full 0):
 garbage-first heap   total 241664K, used 210540K [0x0000000080000000, 0x0000000100000000)
  region size 1024K, 25 young (25600K), 2 survivors (2048K)
 Metaspace       used 147273K, capacity 151515K, committed 151756K, reserved 1181696K
  class space    used 18302K, capacity 19911K, committed 19968K, reserved 1048576K
}
Event: 7854.518 GC heap after
{Heap after GC invocations=97 (full 0):
 garbage-first heap   total 241664K, used 186890K [0x0000000080000000, 0x0000000100000000)
  region size 1024K, 2 young (2048K), 2 survivors (2048K)
 Metaspace       used 147273K, capacity 151515K, committed 151756K, reserved 1181696K
  class space    used 18302K, capacity 19911K, committed 19968K, reserved 1048576K
}
Event: 7854.575 GC heap before
{Heap before GC invocations=97 (full 0):
 garbage-first heap   total 241664K, used 211466K [0x0000000080000000, 0x0000000100000000)
  region size 1024K, 26 young (26624K), 2 survivors (2048K)
 Metaspace       used 147280K, capacity 151579K, committed 151756K, reserved 1181696K
  class space    used 18302K, capacity 19911K, committed 19968K, reserved 1048576K
}
Event: 7854.578 GC heap after
{Heap after GC invocations=98 (full 0):
 garbage-first heap   total 241664K, used 187250K [0x0000000080000000, 0x0000000100000000)
  region size 1024K, 2 young (2048K), 2 survivors (2048K)
 Metaspace       used 147280K, capacity 151579K, committed 151756K, reserved 1181696K
  class space    used 18302K, capacity 19911K, committed 19968K, reserved 1048576K
}
Event: 7854.626 GC heap before
{Heap before GC invocations=98 (full 0):
 garbage-first heap   total 241664K, used 210802K [0x0000000080000000, 0x0000000100000000)
  region size 1024K, 26 young (26624K), 2 survivors (2048K)
 Metaspace       used 147282K, capacity 151579K, committed 151756K, reserved 1181696K
  class space    used 18302K, capacity 19911K, committed 19968K, reserved 1048576K
}
Event: 7854.628 GC heap after
{Heap after GC invocations=99 (full 0):
 garbage-first heap   total 241664K, used 187859K [0x0000000080000000, 0x0000000100000000)
  region size 1024K, 2 young (2048K), 2 survivors (2048K)
 Metaspace       used 147282K, capacity 151579K, committed 151756K, reserved 1181696K
  class space    used 18302K, capacity 19911K, committed 19968K, reserved 1048576K
}
Event: 7854.647 GC heap before
{Heap before GC invocations=99 (full 0):
 garbage-first heap   total 241664K, used 197075K [0x0000000080000000, 0x0000000100000000)
  region size 1024K, 12 young (12288K), 2 survivors (2048K)
 Metaspace       used 147282K, capacity 151579K, committed 151756K, reserved 1181696K
  class space    used 18302K, capacity 19911K, committed 19968K, reserved 1048576K
}
Event: 7854.701 GC heap after
{Heap after GC invocations=100 (full 0):
 garbage-first heap   total 241664K, used 188015K [0x0000000080000000, 0x0000000100000000)
  region size 1024K, 3 young (3072K), 3 survivors (3072K)
 Metaspace       used 147282K, capacity 151579K, committed 151756K, reserved 1181696K
  class space    used 18302K, capacity 19911K, committed 19968K, reserved 1048576K
}
Event: 7854.942 GC heap before
{Heap before GC invocations=100 (full 0):
 garbage-first heap   total 241664K, used 214639K [0x0000000080000000, 0x0000000100000000)
  region size 1024K, 21 young (21504K), 3 survivors (3072K)
 Metaspace       used 147292K, capacity 151579K, committed 151756K, reserved 1181696K
  class space    used 18302K, capacity 19911K, committed 19968K, reserved 1048576K
}
Event: 7854.979 GC heap after
{Heap after GC invocations=101 (full 0):
 garbage-first heap   total 547840K, used 196318K [0x0000000080000000, 0x0000000100000000)
  region size 1024K, 2 young (2048K), 2 survivors (2048K)
 Metaspace       used 147292K, capacity 151579K, committed 151756K, reserved 1181696K
  class space    used 18302K, capacity 19911K, committed 19968K, reserved 1048576K
}
Event: 7857.277 GC heap before
{Heap before GC invocations=101 (full 0):
 garbage-first heap   total 547840K, used 302814K [0x0000000080000000, 0x0000000100000000)
  region size 1024K, 95 young (97280K), 2 survivors (2048K)
 Metaspace       used 147297K, capacity 151585K, committed 151756K, reserved 1181696K
  class space    used 18303K, capacity 19912K, committed 19968K, reserved 1048576K
}
Event: 7857.377 GC heap after
{Heap after GC invocations=102 (full 0):
 garbage-first heap   total 547840K, used 192662K [0x0000000080000000, 0x0000000100000000)
  region size 1024K, 4 young (4096K), 4 survivors (4096K)
 Metaspace       used 147297K, capacity 151585K, committed 151756K, reserved 1181696K
  class space    used 18303K, capacity 19912K, committed 19968K, reserved 1048576K
}
Event: 7863.642 GC heap before
{Heap before GC invocations=102 (full 0):
 garbage-first heap   total 547840K, used 323734K [0x0000000080000000, 0x0000000100000000)
  region size 1024K, 106 young (108544K), 4 survivors (4096K)
 Metaspace       used 146377K, capacity 150001K, committed 151756K, reserved 1181696K
  class space    used 18064K, capacity 19449K, committed 19968K, reserved 1048576K
}
Event: 7863.672 GC heap after
{Heap after GC invocations=103 (full 0):
 garbage-first heap   total 547840K, used 195196K [0x0000000080000000, 0x0000000100000000)
  region size 1024K, 3 young (3072K), 3 survivors (3072K)
 Metaspace       used 146377K, capacity 150001K, committed 151756K, reserved 1181696K
  class space    used 18064K, capacity 19449K, committed 19968K, reserved 1048576K
}
Event: 7867.404 GC heap before
{Heap before GC invocations=104 (full 0):
 garbage-first heap   total 547840K, used 461436K [0x0000000080000000, 0x0000000100000000)
  region size 1024K, 243 young (248832K), 3 survivors (3072K)
 Metaspace       used 146378K, capacity 150001K, committed 151756K, reserved 1181696K
  class space    used 18064K, capacity 19449K, committed 19968K, reserved 1048576K
}
Event: 7867.466 GC heap after
{Heap after GC invocations=105 (full 0):
 garbage-first heap   total 547840K, used 188218K [0x0000000080000000, 0x0000000100000000)
  region size 1024K, 10 young (10240K), 10 survivors (10240K)
 Metaspace       used 146378K, capacity 150001K, committed 151756K, reserved 1181696K
  class space    used 18064K, capacity 19449K, committed 19968K, reserved 1048576K
}
Event: 7868.701 GC heap before
{Heap before GC invocations=105 (full 0):
 garbage-first heap   total 547840K, used 204602K [0x0000000080000000, 0x0000000100000000)
  region size 1024K, 26 young (26624K), 10 survivors (10240K)
 Metaspace       used 146378K, capacity 150001K, committed 151756K, reserved 1181696K
  class space    used 18064K, capacity 19449K, committed 19968K, reserved 1048576K
}
Event: 7868.973 GC heap after
{Heap after GC invocations=106 (full 0):
 garbage-first heap   total 547840K, used 160260K [0x0000000080000000, 0x0000000100000000)
  region size 1024K, 2 young (2048K), 2 survivors (2048K)
 Metaspace       used 146378K, capacity 150001K, committed 151756K, reserved 1181696K
  class space    used 18064K, capacity 19449K, committed 19968K, reserved 1048576K
}
Event: 7871.990 GC heap before
{Heap before GC invocations=106 (full 0):
 garbage-first heap   total 547840K, used 420356K [0x0000000080000000, 0x0000000100000000)
  region size 1024K, 256 young (262144K), 2 survivors (2048K)
 Metaspace       used 146380K, capacity 150001K, committed 151756K, reserved 1181696K
  class space    used 18065K, capacity 19449K, committed 19968K, reserved 1048576K
}

